<?xml version="1.0" encoding="UTF-8"?>
<!-- Generated by org.testng.reporters.JUnitReportReporter -->
<testsuite skipped="0" hostname="DESKTOP-9JOCDRT" name="test_cases_testng.ExtentReportDemo" tests="2" failures="0" timestamp="2022-06-26T00:26:18 BOT" time="14.081" errors="0">
  <testcase name="initialDemo" time="7.498" classname="test_cases_testng.ExtentReportDemo"/>
  <system-out/>
  <testcase name="secondDemo" time="6.583" classname="test_cases_testng.ExtentReportDemo"/>
  <system-out/>
</testsuite> <!-- test_cases_testng.ExtentReportDemo -->
