<?xml version="1.0" encoding="UTF-8"?>
<!-- Generated by org.testng.reporters.JUnitReportReporter -->
<testsuite skipped="0" hostname="DESKTOP-9JOCDRT" name="test_cases_testng.DragonBall" tests="1" failures="0" timestamp="2022-06-11T14:38:19 BOT" time="0.000" errors="0">
  <testcase name="cellSaga" time="0.000" classname="test_cases_testng.DragonBall"/>
  <system-out/>
</testsuite> <!-- test_cases_testng.DragonBall -->
