<?xml version="1.0" encoding="UTF-8"?>
<!-- Generated by org.testng.reporters.JUnitReportReporter -->
<testsuite skipped="0" hostname="DESKTOP-9JOCDRT" name="test_cases_testng.OnePiece" tests="1" failures="0" timestamp="2022-06-10T23:46:05 BOT" time="0.001" errors="0">
  <testcase name="afterTimeSkip" time="0.001" classname="test_cases_testng.OnePiece"/>
  <system-out/>
</testsuite> <!-- test_cases_testng.OnePiece -->
