<?xml version="1.0" encoding="UTF-8"?>
<!-- Generated by org.testng.reporters.JUnitReportReporter -->
<testsuite skipped="0" hostname="DESKTOP-9JOCDRT" name="test_cases_testng.Example1" tests="2" failures="0" timestamp="2022-06-10T23:52:57 BOT" time="0.004" errors="0">
  <testcase name="test2" time="0.000" classname="test_cases_testng.Example1"/>
  <system-out/>
  <testcase name="test1" time="0.004" classname="test_cases_testng.Example1"/>
  <system-out/>
</testsuite> <!-- test_cases_testng.Example1 -->
