<?xml version="1.0" encoding="UTF-8"?>
<!-- Generated by org.testng.reporters.JUnitReportReporter -->
<testsuite skipped="0" hostname="DESKTOP-9JOCDRT" name="test_cases_testng.Example1" tests="2" failures="0" timestamp="2022-06-11T00:08:43 BOT" time="0.006" errors="0">
  <testcase name="test1" time="0.005" classname="test_cases_testng.Example1"/>
  <system-out/>
  <testcase name="test2" time="0.001" classname="test_cases_testng.Example1"/>
  <system-out/>
</testsuite> <!-- test_cases_testng.Example1 -->
