<?xml version="1.0" encoding="UTF-8"?>
<!-- Generated by org.testng.reporters.JUnitReportReporter -->
<testsuite skipped="0" hostname="DESKTOP-9JOCDRT" name="test_cases_testng.OnePiece" tests="5" failures="0" timestamp="2022-06-16T18:13:54 BOT" time="0.008" errors="0">
  <testcase name="beforeTimeSkip" time="0.000" classname="test_cases_testng.OnePiece"/>
  <system-out/>
  <testcase name="gearFive" time="0.001" classname="test_cases_testng.OnePiece"/>
  <system-out/>
  <testcase name="afterTimeSkip" time="0.005" classname="test_cases_testng.OnePiece"/>
  <system-out/>
  <testcase name="gearFive" time="0.001" classname="test_cases_testng.OnePiece"/>
  <system-out/>
  <testcase name="gearFive" time="0.001" classname="test_cases_testng.OnePiece"/>
  <system-out/>
</testsuite> <!-- test_cases_testng.OnePiece -->
