<?xml version="1.0" encoding="UTF-8"?>
<!-- Generated by org.testng.reporters.JUnitReportReporter -->
<testsuite skipped="1" hostname="DESKTOP-9JOCDRT" name="test_cases_testng.Example2" tests="4" failures="0" timestamp="2022-06-16T18:49:20 BOT" time="0.003" errors="0">
  <testcase name="test3" time="0.001" classname="test_cases_testng.Example2"/>
  <system-out/>
  <testcase name="test4" time="0.001" classname="test_cases_testng.Example2"/>
  <system-out/>
  <testcase name="test6" time="0.001" classname="test_cases_testng.Example2"/>
  <system-out/>
  <testcase name="test5" classname="test_cases_testng.Example2">
    <skipped/>
  </testcase> <!-- test5 -->
  <system-out/>
</testsuite> <!-- test_cases_testng.Example2 -->
