<?xml version="1.0" encoding="UTF-8"?>
<!-- Generated by org.testng.reporters.JUnitReportReporter -->
<testsuite skipped="0" hostname="DESKTOP-9JOCDRT" name="test_cases_testng.Example1" tests="1" failures="0" timestamp="2022-06-11T13:55:09 BOT" time="0.005" errors="0">
  <testcase name="test1" time="0.005" classname="test_cases_testng.Example1"/>
  <system-out/>
</testsuite> <!-- test_cases_testng.Example1 -->
