<?xml version="1.0" encoding="UTF-8"?>
<!-- Generated by org.testng.reporters.JUnitReportReporter -->
<testsuite hostname="DESKTOP-9JOCDRT" failures="0" tests="4" name="test_cases.JavaStreams" time="0.013" errors="0" timestamp="2022-06-04T10:28:08 BOT" skipped="0">
  <testcase classname="test_cases.JavaStreams" name="streamFilter" time="0.002"/>
  <system-out/>
  <testcase classname="test_cases.JavaStreams" name="regular" time="0.005"/>
  <system-out/>
  <testcase classname="test_cases.JavaStreams" name="streamMap" time="0.003"/>
  <system-out/>
  <testcase classname="test_cases.JavaStreams" name="streamCollect" time="0.003"/>
  <system-out/>
</testsuite> <!-- test_cases.JavaStreams -->
