<?xml version="1.0" encoding="UTF-8"?>
<!-- Generated by org.testng.reporters.JUnitReportReporter -->
<testsuite skipped="0" hostname="DESKTOP-9JOCDRT" name="test_cases_testng.NarutoShippuden" tests="4" failures="0" timestamp="2022-06-11T00:24:41 BOT" time="0.002" errors="0">
  <testcase name="narutoBestFriend" time="0.000" classname="test_cases_testng.NarutoShippuden"/>
  <system-out/>
  <testcase name="leeTrainer" time="0.000" classname="test_cases_testng.NarutoShippuden"/>
  <system-out/>
  <testcase name="narutoFood" time="0.001" classname="test_cases_testng.NarutoShippuden"/>
  <system-out/>
  <testcase name="narutoTrainer" time="0.001" classname="test_cases_testng.NarutoShippuden"/>
  <system-out/>
</testsuite> <!-- test_cases_testng.NarutoShippuden -->
