<?xml version="1.0" encoding="UTF-8"?>
<!-- Generated by org.testng.reporters.JUnitReportReporter -->
<testsuite skipped="0" hostname="DESKTOP-9JOCDRT" name="test_cases_testng.DragonBall" tests="3" failures="0" timestamp="2022-06-11T00:24:41 BOT" time="0.005" errors="0">
  <testcase name="freezerSaga" time="0.000" classname="test_cases_testng.DragonBall"/>
  <system-out/>
  <testcase name="majinBuuSaga" time="0.000" classname="test_cases_testng.DragonBall"/>
  <system-out/>
  <testcase name="cellSaga" time="0.005" classname="test_cases_testng.DragonBall"/>
  <system-out/>
</testsuite> <!-- test_cases_testng.DragonBall -->
